[debug] [2023-01-18T06:00:15.502Z] ----------------------------------------------------------------------
[debug] [2023-01-18T06:00:15.504Z] Command:       C:\Program Files\nodejs\node.exe C:\Users\Dell\AppData\Roaming\npm\node_modules\firebase-tools\lib\bin\firebase.js init
[debug] [2023-01-18T06:00:15.504Z] CLI Version:   11.20.0
[debug] [2023-01-18T06:00:15.504Z] Platform:      win32
[debug] [2023-01-18T06:00:15.504Z] Node Version:  v16.17.1
[debug] [2023-01-18T06:00:15.505Z] Time:          Wed Jan 18 2023 11:30:15 GMT+0530 (India Standard Time)
[debug] [2023-01-18T06:00:15.506Z] ----------------------------------------------------------------------
[debug] 
[debug] [2023-01-18T06:00:15.510Z] >>> [apiv2][query] GET https://firebase-public.firebaseio.com/cli.json [none]
[debug] [2023-01-18T06:00:15.539Z] > command requires scopes: ["email","openid","https://www.googleapis.com/auth/cloudplatformprojects.readonly","https://www.googleapis.com/auth/firebase","https://www.googleapis.com/auth/cloud-platform"]
[debug] [2023-01-18T06:00:15.540Z] > authorizing via signed-in user (202101498@daiict.ac.in)
[info] 
     ######## #### ########  ######## ########     ###     ######  ########
     ##        ##  ##     ## ##       ##     ##  ##   ##  ##       ##
     ######    ##  ########  ######   ########  #########  ######  ######
     ##        ##  ##    ##  ##       ##     ## ##     ##       ## ##
     ##       #### ##     ## ######## ########  ##     ##  ######  ########

You're about to initialize a Firebase project in this directory:

  C:\Users\Dell\Downloads\firebase_project

[debug] [2023-01-18T16:14:52.958Z] ----------------------------------------------------------------------
[debug] [2023-01-18T16:14:52.960Z] Command:       C:\Program Files\nodejs\node.exe C:\Users\Dell\AppData\Roaming\npm\node_modules\firebase-tools\lib\bin\firebase.js init
[debug] [2023-01-18T16:14:52.961Z] CLI Version:   11.20.0
[debug] [2023-01-18T16:14:52.961Z] Platform:      win32
[debug] [2023-01-18T16:14:52.961Z] Node Version:  v16.17.1
[debug] [2023-01-18T16:14:52.965Z] Time:          Wed Jan 18 2023 21:44:52 GMT+0530 (India Standard Time)
[debug] [2023-01-18T16:14:52.965Z] ----------------------------------------------------------------------
[debug] 
[debug] [2023-01-18T16:14:52.969Z] >>> [apiv2][query] GET https://firebase-public.firebaseio.com/cli.json [none]
[debug] [2023-01-18T16:14:53.000Z] > command requires scopes: ["email","openid","https://www.googleapis.com/auth/cloudplatformprojects.readonly","https://www.googleapis.com/auth/firebase","https://www.googleapis.com/auth/cloud-platform"]
[debug] [2023-01-18T16:14:53.001Z] > authorizing via signed-in user (202101498@daiict.ac.in)
[info] 
     ######## #### ########  ######## ########     ###     ######  ########
     ##        ##  ##     ## ##       ##     ##  ##   ##  ##       ##
     ######    ##  ########  ######   ########  #########  ######  ######
     ##        ##  ##    ##  ##       ##     ## ##     ##       ## ##
     ##       #### ##     ## ######## ########  ##     ##  ######  ########

You're about to initialize a Firebase project in this directory:

  C:\Users\Dell\Downloads\firebase_project

[debug] [2023-01-18T16:14:53.820Z] <<< [apiv2][status] GET https://firebase-public.firebaseio.com/cli.json 200
[debug] [2023-01-18T16:14:53.820Z] <<< [apiv2][body] GET https://firebase-public.firebaseio.com/cli.json {"cloudBuildErrorAfter":1594252800000,"cloudBuildWarnAfter":1590019200000,"defaultNode10After":1594252800000,"minVersion":"3.0.5","node8DeploysDisabledAfter":1613390400000,"node8RuntimeDisabledAfter":1615809600000,"node8WarnAfter":1600128000000}
[info] 
=== Project Setup
[info] 
[info] First, let's associate this project directory with a Firebase project.
[info] You can create multiple project aliases by running firebase use --add, 
[info] but for now we'll just set up a default project.
[info] 
[debug] [2023-01-18T16:15:13.001Z] > refreshing access token with scopes: []
[debug] [2023-01-18T16:15:13.003Z] >>> [apiv2][query] POST https://www.googleapis.com/oauth2/v3/token [none]
[debug] [2023-01-18T16:15:13.003Z] >>> [apiv2][body] POST https://www.googleapis.com/oauth2/v3/token [omitted]
[debug] [2023-01-18T16:15:13.347Z] <<< [apiv2][status] POST https://www.googleapis.com/oauth2/v3/token 200
[debug] [2023-01-18T16:15:13.348Z] <<< [apiv2][body] POST https://www.googleapis.com/oauth2/v3/token [omitted]
[debug] [2023-01-18T16:15:13.361Z] >>> [apiv2][query] GET https://firebase.googleapis.com/v1beta1/projects pageSize=100
[debug] [2023-01-18T16:15:14.717Z] <<< [apiv2][status] GET https://firebase.googleapis.com/v1beta1/projects 200
[debug] [2023-01-18T16:15:14.718Z] <<< [apiv2][body] GET https://firebase.googleapis.com/v1beta1/projects [omitted]
[info] i  Using project fir-project-46148 (firebase-project) 
[info] 
=== Hosting Setup
[info] 
[info] Your public directory is the folder (relative to your project directory) that
[info] will contain Hosting assets to be uploaded with firebase deploy. If you
[info] have a build process for your assets, use your build's output directory.
[info] 
[info] +  Wrote public/404.html 
[debug] [2023-01-18T16:16:29.394Z] >>> [apiv2][query] GET https://www.gstatic.com/firebasejs/releases.json [none]
[debug] [2023-01-18T16:16:29.722Z] <<< [apiv2][status] GET https://www.gstatic.com/firebasejs/releases.json 200
[debug] [2023-01-18T16:16:29.722Z] <<< [apiv2][body] GET https://www.gstatic.com/firebasejs/releases.json {"current":{"version":"9.15.0","browserURL":"https://www.gstatic.com/firebasejs/9.15.0/firebase.js","packageURL":"https://www.gstatic.com/firebasejs/9.15.0/firebase.tgz"},"live":{"version":"9.15","browserURL":"https://www.gstatic.com/firebasejs/live/9.15/firebase.js","packageURL":"https://www.gstatic.com/firebasejs/live/9.15/firebase.tgz"},"components":{"analytics":"https://www.gstatic.com/firebasejs/9.15.0/firebase-analytics.js","app":"https://www.gstatic.com/firebasejs/9.15.0/firebase-app.js","app-check":"https://www.gstatic.com/firebasejs/9.15.0/firebase-app-check.js","auth":"https://www.gstatic.com/firebasejs/9.15.0/firebase-auth.js","auth/cordova":"https://www.gstatic.com/firebasejs/9.15.0/firebase-auth/cordova.js","auth/react-native":"https://www.gstatic.com/firebasejs/9.15.0/firebase-auth/react-native.js","functions":"https://www.gstatic.com/firebasejs/9.15.0/firebase-functions.js","firestore":"https://www.gstatic.com/firebasejs/9.15.0/firebase-firestore.js","firestore/lite":"https://www.gstatic.com/firebasejs/9.15.0/firebase-firestore/lite.js","installations":"https://www.gstatic.com/firebasejs/9.15.0/firebase-installations.js","storage":"https://www.gstatic.com/firebasejs/9.15.0/firebase-storage.js","performance":"https://www.gstatic.com/firebasejs/9.15.0/firebase-performance.js","remote-config":"https://www.gstatic.com/firebasejs/9.15.0/firebase-remote-config.js","messaging":"https://www.gstatic.com/firebasejs/9.15.0/firebase-messaging.js","messaging/sw":"https://www.gstatic.com/firebasejs/9.15.0/firebase-messaging/sw.js","database":"https://www.gstatic.com/firebasejs/9.15.0/firebase-database.js","firestore.memory":"https://www.gstatic.com/firebasejs/9.15.0/firebase-firestore.memory.js"}}
[info] i  Skipping write of public/index.html 
[info] 
[info] i  Detected a .git folder at C:\Users\Dell\Downloads\firebase_project 
[info] i  Authorizing with GitHub to upload your service account to a GitHub repository's secrets store. 
[info] 
[info] Visit this URL on this device to log in:
[info] https://github.com/login/oauth/authorize?client_id=89cf50f02ac6aaed3484&state=115159582&redirect_uri=http%3A%2F%2Flocalhost%3A9005&scope=read%3Auser%20repo%20public_repo
[info] 
[info] Waiting for authentication...
[debug] [2023-01-18T16:17:15.256Z] >>> [apiv2][query] POST https://github.com/login/oauth/access_token [none]
[debug] [2023-01-18T16:17:15.256Z] >>> [apiv2][body] POST https://github.com/login/oauth/access_token [stream]
[debug] [2023-01-18T16:17:15.709Z] <<< [apiv2][status] POST https://github.com/login/oauth/access_token 200
[debug] [2023-01-18T16:17:15.710Z] <<< [apiv2][body] POST https://github.com/login/oauth/access_token {"access_token":"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","token_type":"bearer","scope":"read:user,repo"}
[debug] [2023-01-18T16:17:15.720Z] >>> [apiv2][query] GET https://api.github.com/user [none]
[debug] [2023-01-18T16:17:16.162Z] <<< [apiv2][status] GET https://api.github.com/user 200
[debug] [2023-01-18T16:17:16.162Z] <<< [apiv2][body] GET https://api.github.com/user {"login":"Keyur1284","id":105730006,"node_id":"U_kgDOBk1P1g","avatar_url":"https://avatars.githubusercontent.com/u/105730006?v=4","gravatar_id":"","url":"https://api.github.com/users/Keyur1284","html_url":"https://github.com/Keyur1284","followers_url":"https://api.github.com/users/Keyur1284/followers","following_url":"https://api.github.com/users/Keyur1284/following{/other_user}","gists_url":"https://api.github.com/users/Keyur1284/gists{/gist_id}","starred_url":"https://api.github.com/users/Keyur1284/starred{/owner}{/repo}","subscriptions_url":"https://api.github.com/users/Keyur1284/subscriptions","organizations_url":"https://api.github.com/users/Keyur1284/orgs","repos_url":"https://api.github.com/users/Keyur1284/repos","events_url":"https://api.github.com/users/Keyur1284/events{/privacy}","received_events_url":"https://api.github.com/users/Keyur1284/received_events","type":"User","site_admin":false,"name":"Govrani Keyur","company":"DAIICT","blog":"","location":"Gandhinagar","email":"202101498@daiict.ac.in","hireable":null,"bio":"Turning coffee into code","twitter_username":null,"public_repos":8,"public_gists":0,"followers":2,"following":4,"created_at":"2022-05-17T14:13:07Z","updated_at":"2023-01-18T13:56:15Z","private_gists":0,"total_private_repos":1,"owned_private_repos":1,"disk_usage":4084,"collaborators":0,"two_factor_authentication":false,"plan":{"name":"pro","space":976562499,"collaborators":0,"private_repos":9999}}
[info] 
[info] +  Success! Logged into GitHub as Keyur1284 
[info] 
[debug] [2023-01-18T16:19:11.150Z] >>> [apiv2][query] GET https://api.github.com/repos/ Keyur1284/twitter-lite/actions/secrets/public-key type=owner
[debug] [2023-01-18T16:19:11.585Z] <<< [apiv2][status] GET https://api.github.com/repos/ Keyur1284/twitter-lite/actions/secrets/public-key 404
[debug] [2023-01-18T16:19:11.585Z] <<< [apiv2][body] GET https://api.github.com/repos/ Keyur1284/twitter-lite/actions/secrets/public-key {"message":"Not Found","documentation_url":"https://docs.github.com/rest/reference/actions#get-a-repository-public-key"}
[debug] [2023-01-18T16:19:17.605Z] >>> [apiv2][query] GET https://api.github.com/repos/ Keyur1284/twitter-lite/actions/secrets/public-key type=owner
[debug] [2023-01-18T16:19:18.005Z] <<< [apiv2][status] GET https://api.github.com/repos/ Keyur1284/twitter-lite/actions/secrets/public-key 404
[debug] [2023-01-18T16:19:18.006Z] <<< [apiv2][body] GET https://api.github.com/repos/ Keyur1284/twitter-lite/actions/secrets/public-key {"message":"Not Found","documentation_url":"https://docs.github.com/rest/reference/actions#get-a-repository-public-key"}
[debug] [2023-01-18T16:19:19.663Z] >>> [apiv2][query] GET https://api.github.com/repos/ Keyur1284/twitter-lite/actions/secrets/public-key type=owner
[debug] [2023-01-18T16:19:20.012Z] <<< [apiv2][status] GET https://api.github.com/repos/ Keyur1284/twitter-lite/actions/secrets/public-key 404
[debug] [2023-01-18T16:19:20.013Z] <<< [apiv2][body] GET https://api.github.com/repos/ Keyur1284/twitter-lite/actions/secrets/public-key {"message":"Not Found","documentation_url":"https://docs.github.com/rest/reference/actions#get-a-repository-public-key"}
[debug] [2023-01-18T16:19:24.255Z] >>> [apiv2][query] GET https://api.github.com/repos/ Keyur1284/twitter-lite/actions/secrets/public-key type=owner
[debug] [2023-01-18T16:19:24.593Z] <<< [apiv2][status] GET https://api.github.com/repos/ Keyur1284/twitter-lite/actions/secrets/public-key 404
[debug] [2023-01-18T16:19:24.593Z] <<< [apiv2][body] GET https://api.github.com/repos/ Keyur1284/twitter-lite/actions/secrets/public-key {"message":"Not Found","documentation_url":"https://docs.github.com/rest/reference/actions#get-a-repository-public-key"}
[debug] [2023-01-18T16:19:25.283Z] >>> [apiv2][query] GET https://api.github.com/repos/ Keyur1284/twitter-lite/actions/secrets/public-key type=owner
[debug] [2023-01-18T16:19:25.651Z] <<< [apiv2][status] GET https://api.github.com/repos/ Keyur1284/twitter-lite/actions/secrets/public-key 404
[debug] [2023-01-18T16:19:25.652Z] <<< [apiv2][body] GET https://api.github.com/repos/ Keyur1284/twitter-lite/actions/secrets/public-key {"message":"Not Found","documentation_url":"https://docs.github.com/rest/reference/actions#get-a-repository-public-key"}
[debug] [2023-01-18T16:19:26.212Z] >>> [apiv2][query] GET https://api.github.com/repos/ Keyur1284/twitter-lite/actions/secrets/public-key type=owner
[debug] [2023-01-18T16:19:48.921Z] >>> [apiv2][query] GET https://api.github.com/repos/ Keyur1284/twitter-lite/actions/secrets/public-key type=owner
[debug] [2023-01-18T16:19:49.280Z] <<< [apiv2][status] GET https://api.github.com/repos/ Keyur1284/twitter-lite/actions/secrets/public-key 404
[debug] [2023-01-18T16:19:49.280Z] <<< [apiv2][body] GET https://api.github.com/repos/ Keyur1284/twitter-lite/actions/secrets/public-key {"message":"Not Found","documentation_url":"https://docs.github.com/rest/reference/actions#get-a-repository-public-key"}
